<?xml version="1.0" encoding="UTF-8"?>
<testsuite hostname="Jordans-MacBook-Pro.local" name="com.netflix.exhibitor.core.TestServerSpec" tests="53" failures="6" timestamp="5 Feb 2017 21:01:19 GMT" time="44.284" errors="0">
  <testcase name="testSpecString" time="0.045" classname="com.netflix.exhibitor.core.TestServerSpec"/>
  <testcase name="test" time="10.018" classname="com.netflix.exhibitor.core.activity.TestActivityQueue"/>
  <testcase name="testBasic" time="0.037" classname="com.netflix.exhibitor.core.activity.TestActivityQueue"/>
  <testcase name="testDelay" time="2.004" classname="com.netflix.exhibitor.core.activity.TestActivityQueue"/>
  <testcase name="testRepeating" time="1.612" classname="com.netflix.exhibitor.core.activity.TestActivityQueue"/>
  <testcase name="testReplace" time="0.006" classname="com.netflix.exhibitor.core.activity.TestActivityQueue"/>
  <testcase name="testSequential" time="1.159" classname="com.netflix.exhibitor.core.activity.TestActivityQueue"/>
  <testcase name="testBasic" time="0.283" classname="com.netflix.exhibitor.core.analyze.TestPathAnalyzer"/>
  <testcase name="testBecomesObserver" time="0.221" classname="com.netflix.exhibitor.core.automanage.TestFixedAutoInstanceManagement"/>
  <testcase name="testNoRoom" time="0.007" classname="com.netflix.exhibitor.core.automanage.TestFixedAutoInstanceManagement"/>
  <testcase name="testReplacement" time="0.01" classname="com.netflix.exhibitor.core.automanage.TestFixedAutoInstanceManagement"/>
  <testcase name="testSimpleAddition" time="0.013" classname="com.netflix.exhibitor.core.automanage.TestFixedAutoInstanceManagement"/>
  <testcase name="testAddition" time="0.012" classname="com.netflix.exhibitor.core.automanage.TestFlexibleAutoInstanceManagement"/>
  <testcase name="testAdditionWithConfigContention" time="0.014" classname="com.netflix.exhibitor.core.automanage.TestFlexibleAutoInstanceManagement"/>
  <testcase name="testAdditionWithRemoval" time="0.014" classname="com.netflix.exhibitor.core.automanage.TestFlexibleAutoInstanceManagement"/>
  <testcase name="testBecomesObserver" time="0.01" classname="com.netflix.exhibitor.core.automanage.TestFlexibleAutoInstanceManagement"/>
  <testcase name="testInitialAddition" time="0.012" classname="com.netflix.exhibitor.core.automanage.TestFlexibleAutoInstanceManagement"/>
  <testcase name="testNoChange" time="0.007" classname="com.netflix.exhibitor.core.automanage.TestFlexibleAutoInstanceManagement"/>
  <testcase name="testNoServers" time="0.01" classname="com.netflix.exhibitor.core.automanage.TestFlexibleAutoInstanceManagement"/>
  <testcase name="testRemoval" time="0.142" classname="com.netflix.exhibitor.core.automanage.TestFlexibleAutoInstanceManagement"/>
  <testcase name="testUnstable" time="3.022" classname="com.netflix.exhibitor.core.automanage.TestFlexibleAutoInstanceManagement"/>
  <testcase name="testConnectionTimeout" time="3.681" classname="com.netflix.exhibitor.core.automanage.TestRemoteInstanceRequestClient"/>
  <testcase name="testMissingServer" time="0.192" classname="com.netflix.exhibitor.core.automanage.TestRemoteInstanceRequestClient"/>
  <testcase name="testDownload" time="0.228" classname="com.netflix.exhibitor.core.backup.s3.TestS3BackupBigFile">
    <failure type="java.lang.NumberFormatException" message="null">
      <![CDATA[java.lang.NumberFormatException: null
	at java.lang.Integer.parseInt(Integer.java:454)
	at java.lang.Integer.parseInt(Integer.java:527)
	at com.netflix.exhibitor.core.s3.PropertyBasedS3ClientConfig.<init>(PropertyBasedS3ClientConfig.java:48)
	at com.netflix.exhibitor.core.backup.s3.TestS3BackupProviderBase.testDownload(TestS3BackupProviderBase.java:76)
... Removed 24 stack frames]]>
    </failure>
  </testcase>
  <testcase name="testGetAvailableBackupKeys" time="0.0" classname="com.netflix.exhibitor.core.backup.s3.TestS3BackupBigFile">
    <failure type="java.lang.NumberFormatException" message="null">
      <![CDATA[java.lang.NumberFormatException: null
	at java.lang.Integer.parseInt(Integer.java:454)
	at java.lang.Integer.parseInt(Integer.java:527)
	at com.netflix.exhibitor.core.s3.PropertyBasedS3ClientConfig.<init>(PropertyBasedS3ClientConfig.java:48)
	at com.netflix.exhibitor.core.backup.s3.TestS3BackupProviderBase.testGetAvailableBackupKeys(TestS3BackupProviderBase.java:115)
... Removed 24 stack frames]]>
    </failure>
  </testcase>
  <testcase name="testUpload" time="0.0" classname="com.netflix.exhibitor.core.backup.s3.TestS3BackupBigFile">
    <failure type="java.lang.NumberFormatException" message="null">
      <![CDATA[java.lang.NumberFormatException: null
	at java.lang.Integer.parseInt(Integer.java:454)
	at java.lang.Integer.parseInt(Integer.java:527)
	at com.netflix.exhibitor.core.s3.PropertyBasedS3ClientConfig.<init>(PropertyBasedS3ClientConfig.java:48)
	at com.netflix.exhibitor.core.backup.s3.TestS3BackupProviderBase.getUploadedBytes(TestS3BackupProviderBase.java:135)
	at com.netflix.exhibitor.core.backup.s3.TestS3BackupProviderBase.testUpload(TestS3BackupProviderBase.java:54)
... Removed 24 stack frames]]>
    </failure>
  </testcase>
  <testcase name="testDownload" time="0.014" classname="com.netflix.exhibitor.core.backup.s3.TestS3BackupSmallFile">
    <failure type="java.lang.NumberFormatException" message="null">
      <![CDATA[java.lang.NumberFormatException: null
	at java.lang.Integer.parseInt(Integer.java:454)
	at java.lang.Integer.parseInt(Integer.java:527)
	at com.netflix.exhibitor.core.s3.PropertyBasedS3ClientConfig.<init>(PropertyBasedS3ClientConfig.java:48)
	at com.netflix.exhibitor.core.backup.s3.TestS3BackupProviderBase.testDownload(TestS3BackupProviderBase.java:76)
... Removed 24 stack frames]]>
    </failure>
  </testcase>
  <testcase name="testGetAvailableBackupKeys" time="0.0" classname="com.netflix.exhibitor.core.backup.s3.TestS3BackupSmallFile">
    <failure type="java.lang.NumberFormatException" message="null">
      <![CDATA[java.lang.NumberFormatException: null
	at java.lang.Integer.parseInt(Integer.java:454)
	at java.lang.Integer.parseInt(Integer.java:527)
	at com.netflix.exhibitor.core.s3.PropertyBasedS3ClientConfig.<init>(PropertyBasedS3ClientConfig.java:48)
	at com.netflix.exhibitor.core.backup.s3.TestS3BackupProviderBase.testGetAvailableBackupKeys(TestS3BackupProviderBase.java:115)
... Removed 24 stack frames]]>
    </failure>
  </testcase>
  <testcase name="testUpload" time="0.0" classname="com.netflix.exhibitor.core.backup.s3.TestS3BackupSmallFile">
    <failure type="java.lang.NumberFormatException" message="null">
      <![CDATA[java.lang.NumberFormatException: null
	at java.lang.Integer.parseInt(Integer.java:454)
	at java.lang.Integer.parseInt(Integer.java:527)
	at com.netflix.exhibitor.core.s3.PropertyBasedS3ClientConfig.<init>(PropertyBasedS3ClientConfig.java:48)
	at com.netflix.exhibitor.core.backup.s3.TestS3BackupProviderBase.getUploadedBytes(TestS3BackupProviderBase.java:135)
	at com.netflix.exhibitor.core.backup.s3.TestS3BackupProviderBase.testUpload(TestS3BackupProviderBase.java:54)
... Removed 24 stack frames]]>
    </failure>
  </testcase>
  <testcase name="testBasic" time="0.013" classname="com.netflix.exhibitor.core.config.TestRestartSignificantConfig"/>
  <testcase name="testBasic" time="1.135" classname="com.netflix.exhibitor.core.config.TestRollingChangeStaging"/>
  <testcase name="testMultiple" time="1.047" classname="com.netflix.exhibitor.core.config.TestRollingChangeStaging"/>
  <testcase name="testAllDownInstances" time="0.016" classname="com.netflix.exhibitor.core.config.TestRollingConfigChange"/>
  <testcase name="testChange" time="0.014" classname="com.netflix.exhibitor.core.config.TestRollingConfigChange"/>
  <testcase name="testDownLastInstance" time="0.017" classname="com.netflix.exhibitor.core.config.TestRollingConfigChange"/>
  <testcase name="testDownMiddleInstance" time="0.013" classname="com.netflix.exhibitor.core.config.TestRollingConfigChange"/>
  <testcase name="testFailedQuorum" time="0.01" classname="com.netflix.exhibitor.core.config.TestRollingConfigChange"/>
  <testcase name="testLongQuorumSuccess" time="0.01" classname="com.netflix.exhibitor.core.config.TestRollingConfigChange"/>
  <testcase name="testZooCfgOrdering" time="0.132" classname="com.netflix.exhibitor.core.config.TestZooCfgOrdering"/>
  <testcase name="testBlocking" time="0.028" classname="com.netflix.exhibitor.core.config.s3.TestS3PseudoLock"/>
  <testcase name="testGCOldLockFiles" time="0.038" classname="com.netflix.exhibitor.core.config.s3.TestS3PseudoLock"/>
  <testcase name="testMulti" time="0.014" classname="com.netflix.exhibitor.core.config.s3.TestS3PseudoLock"/>
  <testcase name="testSingle" time="0.001" classname="com.netflix.exhibitor.core.config.s3.TestS3PseudoLock"/>
  <testcase name="testWithDifferentLockKeySeparator" time="0.001" classname="com.netflix.exhibitor.core.config.s3.TestS3PseudoLock"/>
  <testcase name="testBasic" time="3.941" classname="com.netflix.exhibitor.core.config.zookeeper.TestZookeeperConfigProvider"/>
  <testcase name="testConcurrentModification" time="2.751" classname="com.netflix.exhibitor.core.config.zookeeper.TestZookeeperConfigProvider"/>
  <testcase name="testBasic" time="0.058" classname="com.netflix.exhibitor.core.controlpanel.TestFileBasedPreferences"/>
  <testcase name="testBasic" time="7.203" classname="com.netflix.exhibitor.core.s3.TestRefCountedClient"/>
  <testcase name="testSimple" time="0.039" classname="com.netflix.exhibitor.core.servo.TestGetMonitorData"/>
  <testcase name="testServerListHasChanged" time="0.112" classname="com.netflix.exhibitor.core.state.TestMonitorRunningInstance"/>
  <testcase name="testTempDownInstance" time="3.035" classname="com.netflix.exhibitor.core.state.TestMonitorRunningInstance"/>
  <testcase name="testEdges" time="0.002" classname="com.netflix.exhibitor.core.state.TestServerList"/>
  <testcase name="testSimple" time="0.001" classname="com.netflix.exhibitor.core.state.TestServerList"/>
</testsuite>
